2025-04-18 13:29:00 | INFO | repo=pv243-javaee-7 | action=commit
2025-08-07 15:07:00 | WARN | repo=pv243-javaee-7 | action=commit
2025-03-13 08:07:00 | INFO | repo=pv243-javaee-7 | action=pull
2025-07-21 07:31:00 | INFO | repo=pv243-javaee-7 | action=commit
2025-08-28 19:52:00 | INFO | repo=pv243-javaee-7 | action=commit
2025-10-20 15:29:00 | DEBUG | repo=pv243-javaee-7 | action=edit | files=1
2025-09-01 19:02:00 | WARN | repo=pv243-javaee-7 | action=commit
2025-09-21 16:08:00 | DEBUG | repo=pv243-javaee-7 | action=commit
2025-09-25 14:08:00 | DEBUG | repo=pv243-javaee-7 | action=commit
2025-03-24 13:43:00 | DEBUG | repo=pv243-javaee-7 | action=commit
2025-07-06 13:52:00 | WARN | repo=pv243-javaee-7 | action=commit
2025-03-16 07:04:00 | DEBUG | repo=pv243-javaee-7 | action=edit | files=3
2025-11-21 08:31:00 | DEBUG | repo=pv243-javaee-7 | action=commit
2025-10-27 16:01:00 | WARN | repo=pv243-javaee-7 | action=commit
2025-11-21 18:43:00 | INFO | repo=pv243-javaee-7 | action=edit | files=2
2025-04-13 14:56:00 | WARN | repo=pv243-javaee-7 | action=edit | files=2
2025-09-05 14:19:00 | DEBUG | repo=pv243-javaee-7 | action=test | passed=true
2025-03-28 20:15:00 | WARN | repo=pv243-javaee-7 | action=commit
2025-01-12 18:04:00 | DEBUG | repo=pv243-javaee-7 | action=commit
2025-05-14 14:43:00 | WARN | repo=pv243-javaee-7 | action=test | passed=true
2025-09-13 08:55:00 | INFO | repo=pv243-javaee-7 | action=commit
2025-01-16 10:27:00 | DEBUG | repo=pv243-javaee-7 | action=pull
2025-05-14 20:27:00 | WARN | repo=pv243-javaee-7 | action=edit | files=2
2025-06-22 08:31:00 | DEBUG | repo=pv243-javaee-7 | action=test | passed=true
2025-07-10 20:32:00 | INFO | repo=pv243-javaee-7 | action=edit | files=5
2025-02-17 07:26:00 | WARN | repo=pv243-javaee-7 | action=edit | files=3
2025-10-12 20:43:00 | INFO | repo=pv243-javaee-7 | action=test | passed=true
2025-12-12 21:14:00 | INFO | repo=pv243-javaee-7 | action=edit | files=3
2025-10-06 21:35:00 | DEBUG | repo=pv243-javaee-7 | action=commit
2025-10-08 07:57:00 | INFO | repo=pv243-javaee-7 | action=edit | files=3
2025-02-24 15:36:00 | WARN | repo=pv243-javaee-7 | action=commit
2025-02-09 19:31:00 | INFO | repo=pv243-javaee-7 | action=edit | files=4
2025-06-13 16:27:00 | INFO | repo=pv243-javaee-7 | action=commit
2025-06-05 20:45:00 | DEBUG | repo=pv243-javaee-7 | action=commit
2025-12-15 15:15:00 | DEBUG | repo=pv243-javaee-7 | action=edit | files=2
2025-03-27 07:56:00 | WARN | repo=pv243-javaee-7 | action=commit
2025-06-06 16:53:00 | WARN | repo=pv243-javaee-7 | action=commit
2025-01-11 11:07:00 | DEBUG | repo=pv243-javaee-7 | action=test | passed=true
2025-11-02 12:07:00 | DEBUG | repo=pv243-javaee-7 | action=commit
2025-04-02 08:21:00 | WARN | repo=pv243-javaee-7 | action=test | passed=true
2025-01-13 20:29:00 | WARN | repo=pv243-javaee-7 | action=commit
2025-02-11 07:20:00 | INFO | repo=pv243-javaee-7 | action=test | passed=true
2025-07-12 18:26:00 | WARN | repo=pv243-javaee-7 | action=pull
2025-06-16 21:24:00 | WARN | repo=pv243-javaee-7 | action=edit | files=1
2025-06-11 18:05:00 | WARN | repo=pv243-javaee-7 | action=commit
2025-05-26 11:21:00 | INFO | repo=pv243-javaee-7 | action=commit
2025-09-12 17:07:00 | DEBUG | repo=pv243-javaee-7 | action=commit
2025-01-10 08:20:00 | WARN | repo=pv243-javaee-7 | action=test | passed=true
2025-08-20 20:29:00 | WARN | repo=pv243-javaee-7 | action=commit
2025-06-24 14:57:00 | INFO | repo=pv243-javaee-7 | action=pull
2025-03-02 19:37:00 | INFO | repo=pv243-javaee-7 | action=test | passed=true
2025-10-23 08:01:00 | INFO | repo=pv243-javaee-7 | action=commit
2025-09-02 15:56:00 | DEBUG | repo=pv243-javaee-7 | action=edit | files=4
2025-12-08 07:34:00 | WARN | repo=pv243-javaee-7 | action=commit
2025-12-27 18:10:00 | WARN | repo=pv243-javaee-7 | action=edit | files=1
2025-02-17 16:29:00 | INFO | repo=pv243-javaee-7 | action=commit
2025-04-08 15:56:00 | DEBUG | repo=pv243-javaee-7 | action=commit
2025-06-28 15:49:00 | WARN | repo=pv243-javaee-7 | action=pull
2025-07-16 10:25:00 | WARN | repo=pv243-javaee-7 | action=commit
2025-09-12 20:24:00 | DEBUG | repo=pv243-javaee-7 | action=commit
2025-04-19 09:24:00 | DEBUG | repo=pv243-javaee-7 | action=commit
2025-12-16 14:16:00 | WARN | repo=pv243-javaee-7 | action=commit
2025-08-11 08:03:00 | DEBUG | repo=pv243-javaee-7 | action=commit
2025-02-10 17:38:00 | INFO | repo=pv243-javaee-7 | action=commit
2025-04-05 15:46:00 | INFO | repo=pv243-javaee-7 | action=edit | files=2
2025-05-16 14:47:00 | WARN | repo=pv243-javaee-7 | action=commit
